<?xml version="1.0" encoding="UTF-8"?>
<testsuite name="com.bridgelabz.MoodAnalyserTest" tests="2" skipped="0" failures="0" errors="0" timestamp="2021-07-30T19:20:37" hostname="DESKTOP-UD4BENK" time="0.012">
  <properties/>
  <testcase name="testMoodAnalysis_whenMoodIsHappy" classname="com.bridgelabz.MoodAnalyserTest" time="0.012"/>
  <testcase name="testMoodAnalysis_whenMoodIsSad" classname="com.bridgelabz.MoodAnalyserTest" time="0.0"/>
  <system-out><![CDATA[]]></system-out>
  <system-err><![CDATA[]]></system-err>
</testsuite>
