<?xml version="1.0" encoding="UTF-8"?>
<testsuite name="com.bridgelabz.MoodAnalyserTest" tests="4" skipped="0" failures="0" errors="0" timestamp="2021-07-30T19:15:57" hostname="DESKTOP-UD4BENK" time="0.009">
  <properties/>
  <testcase name="testMoodAnalysis_whenMoodIsHappy" classname="com.bridgelabz.MoodAnalyserTest" time="0.006"/>
  <testcase name="testMoodAnalysis_whenMoodIsSad" classname="com.bridgelabz.MoodAnalyserTest" time="0.0"/>
  <testcase name="testMoodAnalysis_whenMoodIsEmpty_ShouldThrowException" classname="com.bridgelabz.MoodAnalyserTest" time="0.001"/>
  <testcase name="testMoodAnalysis_whenMoodIsNull_ShouldThrowException" classname="com.bridgelabz.MoodAnalyserTest" time="0.0"/>
  <system-out><![CDATA[]]></system-out>
  <system-err><![CDATA[]]></system-err>
</testsuite>
